2026-06-10 11:24:06,183|ingest.py|INFO|
Ingestion started

2026-06-10 11:24:43,243|ingest.py|INFO|Document download started
2026-06-10 11:24:43,639|ingest.py|INFO|Document downloaded | celex_id=32022R2554
2026-06-10 11:24:43,639|ingest.py|WARNING|Warning: response may not be a supported file type
2026-06-10 11:24:43,946|ingest.py|INFO|Document downloaded | celex_id=32022R0868
2026-06-10 11:24:43,946|ingest.py|WARNING|Warning: response may not be a supported file type
2026-06-10 11:24:44,254|ingest.py|INFO|Document downloaded | celex_id=32023R2854
2026-06-10 11:24:44,254|ingest.py|WARNING|Warning: response may not be a supported file type
2026-06-10 11:24:44,560|ingest.py|INFO|Document downloaded | celex_id=32022L2555
2026-06-10 11:24:44,560|ingest.py|WARNING|Warning: response may not be a supported file type
2026-06-10 11:24:44,857|ingest.py|INFO|Document downloaded | celex_id=32024R1689
2026-06-10 11:24:44,857|ingest.py|WARNING|Warning: response may not be a supported file type
2026-06-10 11:24:45,158|ingest.py|INFO|Document downloaded | celex_id=32019L1024
2026-06-10 11:24:45,158|ingest.py|WARNING|Warning: response may not be a supported file type
2026-06-10 11:24:45,158|ingest.py|INFO|Document download completed

2026-06-10 11:24:45,158|ingest.py|INFO|Document chunking started
2026-06-10 11:24:45,167|ingest.py|WARNING|Skipping file | filename=32019L1024_EN.html | extension=html | reason=validation_failed
2026-06-10 11:24:45,168|ingest.py|WARNING|File chunking failed | filename=32019L1024_EN.pdf | error=Cannot open empty file: filename='eu_docs\\32019L1024_EN.pdf'.
2026-06-10 11:24:45,168|ingest.py|WARNING|Skipping file | filename=32022L2555_EN.html | extension=html | reason=validation_failed
2026-06-10 11:24:45,168|ingest.py|WARNING|File chunking failed | filename=32022L2555_EN.pdf | error=Cannot open empty file: filename='eu_docs\\32022L2555_EN.pdf'.
2026-06-10 11:24:45,169|ingest.py|WARNING|Skipping file | filename=32022R0868_EN.html | extension=html | reason=validation_failed
2026-06-10 11:24:45,169|ingest.py|WARNING|File chunking failed | filename=32022R0868_EN.pdf | error=Cannot open empty file: filename='eu_docs\\32022R0868_EN.pdf'.
2026-06-10 11:24:45,169|ingest.py|WARNING|Skipping file | filename=32022R2554_EN.html | extension=html | reason=validation_failed
2026-06-10 11:24:45,169|ingest.py|WARNING|File chunking failed | filename=32022R2554_EN.pdf | error=Cannot open empty file: filename='eu_docs\\32022R2554_EN.pdf'.
2026-06-10 11:24:45,169|ingest.py|WARNING|Skipping file | filename=32023R2854_EN.html | extension=html | reason=validation_failed
2026-06-10 11:24:45,170|ingest.py|WARNING|File chunking failed | filename=32023R2854_EN.pdf | error=Cannot open empty file: filename='eu_docs\\32023R2854_EN.pdf'.
2026-06-10 11:24:45,170|ingest.py|WARNING|Skipping file | filename=32024R1689_EN.html | extension=html | reason=validation_failed
2026-06-10 11:24:45,170|ingest.py|WARNING|File chunking failed | filename=32024R1689_EN.pdf | error=Cannot open empty file: filename='eu_docs\\32024R1689_EN.pdf'.
2026-06-10 11:24:45,170|ingest.py|INFO|Document chunking completed

2026-06-10 11:24:45,170|ingest.py|INFO|Embedding generation started
